<?xml version="1.0" encoding="UTF-8"?>
<!-- Generated by org.testng.reporters.JUnitXMLReporter -->
<testsuite ignored="5" hostname="shiningjin" failures="0" tests="1" name="Default test" time="3.323" errors="0" timestamp="2025-09-15T17:28:21 KST">
  <testcase classname="org.shark.boot02.ApplicationTests" name="boardListTest" time="0.055"/>
  <testcase classname="org.shark.boot02.ApplicationTests" name="bardDeleteTest" time="0.0">
    <ignored/>
  </testcase> <!-- bardDeleteTest -->
  <testcase classname="org.shark.boot02.ApplicationTests" name="contextLoads" time="0.0">
    <ignored/>
  </testcase> <!-- contextLoads -->
  <testcase classname="org.shark.boot02.ApplicationTests" name="nowTest" time="0.0">
    <ignored/>
  </testcase> <!-- nowTest -->
  <testcase classname="org.shark.boot02.ApplicationTests" name="boardDetailTest" time="0.0">
    <ignored/>
  </testcase> <!-- boardDetailTest -->
  <testcase classname="org.shark.boot02.ApplicationTests" name="boardInsertTest" time="0.0">
    <ignored/>
  </testcase> <!-- boardInsertTest -->
</testsuite> <!-- Default test -->
