<?xml version="1.0" encoding="UTF-8"?>
<testng-results ignored="0" total="1" passed="1" failed="0" skipped="0">
  <reporter-output>
  </reporter-output>
  <suite started-at="2025-09-15T17:28:18 KST" name="Default suite" finished-at="2025-09-15T17:28:21 KST" duration-ms="3323">
    <groups>
    </groups>
    <test started-at="2025-09-15T17:28:18 KST" name="Default test" finished-at="2025-09-15T17:28:21 KST" duration-ms="3323">
      <class name="org.shark.boot02.ApplicationTests">
        <test-method is-config="true" signature="springTestContextBeforeTestClass()[pri:0, instance:org.shark.boot02.ApplicationTests@1951b871]" started-at="2025-09-15T17:28:18 KST" name="springTestContextBeforeTestClass" finished-at="2025-09-15T17:28:18 KST" duration-ms="14" status="PASS">
          <reporter-output>
          </reporter-output>
        </test-method> <!-- springTestContextBeforeTestClass -->
        <test-method is-config="true" signature="springTestContextPrepareTestInstance()[pri:0, instance:org.shark.boot02.ApplicationTests@1951b871]" started-at="2025-09-15T17:28:18 KST" name="springTestContextPrepareTestInstance" finished-at="2025-09-15T17:28:21 KST" depends-on-methods="org.springframework.test.context.testng.AbstractTestNGSpringContextTests.springTestContextBeforeTestClass" duration-ms="2545" status="PASS">
          <reporter-output>
          </reporter-output>
        </test-method> <!-- springTestContextPrepareTestInstance -->
        <test-method is-config="true" signature="springTestContextBeforeTestMethod(java.lang.reflect.Method)[pri:0, instance:org.shark.boot02.ApplicationTests@1951b871]" started-at="2025-09-15T17:28:21 KST" name="springTestContextBeforeTestMethod" finished-at="2025-09-15T17:28:21 KST" duration-ms="664" status="PASS">
          <params>
            <param index="0">
              <value>
                <![CDATA[void org.shark.boot02.ApplicationTests.boardListTest()]]>
              </value>
            </param>
          </params>
          <reporter-output>
          </reporter-output>
        </test-method> <!-- springTestContextBeforeTestMethod -->
        <test-method signature="boardListTest()[pri:0, instance:org.shark.boot02.ApplicationTests@1951b871]" started-at="2025-09-15T17:28:21 KST" name="boardListTest" description="게시판 목록 가져오기 테스트" finished-at="2025-09-15T17:28:21 KST" duration-ms="55" status="PASS">
          <reporter-output>
          </reporter-output>
        </test-method> <!-- boardListTest -->
        <test-method is-config="true" signature="springTestContextAfterTestMethod(java.lang.reflect.Method)[pri:0, instance:org.shark.boot02.ApplicationTests@1951b871]" started-at="2025-09-15T17:28:21 KST" name="springTestContextAfterTestMethod" finished-at="2025-09-15T17:28:21 KST" duration-ms="8" status="PASS">
          <params>
            <param index="0">
              <value>
                <![CDATA[void org.shark.boot02.ApplicationTests.boardListTest()]]>
              </value>
            </param>
          </params>
          <reporter-output>
          </reporter-output>
        </test-method> <!-- springTestContextAfterTestMethod -->
        <test-method is-config="true" signature="springTestContextAfterTestClass()[pri:0, instance:org.shark.boot02.ApplicationTests@1951b871]" started-at="2025-09-15T17:28:21 KST" name="springTestContextAfterTestClass" finished-at="2025-09-15T17:28:21 KST" duration-ms="1" status="PASS">
          <reporter-output>
          </reporter-output>
        </test-method> <!-- springTestContextAfterTestClass -->
      </class> <!-- org.shark.boot02.ApplicationTests -->
    </test> <!-- Default test -->
  </suite> <!-- Default suite -->
</testng-results>
